2021-09-26T10:33:00.243511-00:00 0 [System] [MY-013169] [Server] /usr/sbin/mysqld (mysqld 8.0.26) initializing of server in progress as process 43
2021-09-26T10:33:00.290638-00:00 1 [System] [MY-013576] [InnoDB] InnoDB initialization has started.
2021-09-26T10:33:01.692063-00:00 1 [System] [MY-013577] [InnoDB] InnoDB initialization has ended.
2021-09-26T10:33:04.052274-00:00 0 [Warning] [MY-013746] [Server] A deprecated TLS version TLSv1 is enabled for channel mysql_main
2021-09-26T10:33:04.052797-00:00 0 [Warning] [MY-013746] [Server] A deprecated TLS version TLSv1.1 is enabled for channel mysql_main
2021-09-26T10:33:04.159306-00:00 6 [Warning] [MY-010453] [Server] root@localhost is created with an empty password ! Please consider switching off the --initialize-insecure option.
2021-09-26T10:33:10.839571-00:00 0 [System] [MY-010116] [Server] /usr/sbin/mysqld (mysqld 8.0.26) starting as process 92
2021-09-26T10:33:10.868819-00:00 1 [System] [MY-013576] [InnoDB] InnoDB initialization has started.
2021-09-26T10:33:11.396444-00:00 1 [System] [MY-013577] [InnoDB] InnoDB initialization has ended.
2021-09-26T10:33:11.712299-00:00 0 [Warning] [MY-013746] [Server] A deprecated TLS version TLSv1 is enabled for channel mysql_main
2021-09-26T10:33:11.712740-00:00 0 [Warning] [MY-013746] [Server] A deprecated TLS version TLSv1.1 is enabled for channel mysql_main
2021-09-26T10:33:11.720300-00:00 0 [Warning] [MY-010068] [Server] CA certificate ca.pem is self signed.
2021-09-26T10:33:11.721117-00:00 0 [System] [MY-013602] [Server] Channel mysql_main configured to support TLS. Encrypted connections are now supported for this channel.
2021-09-26T10:33:11.730648-00:00 0 [Warning] [MY-011810] [Server] Insecure configuration for --pid-file: Location '/var/run/mysqld' in the path is accessible to all OS users. Consider choosing a different directory.
2021-09-26T10:33:11.780764-00:00 0 [System] [MY-011323] [Server] X Plugin ready for connections. Socket: /var/run/mysqld/mysqlx.sock
2021-09-26T10:33:11.781111-00:00 0 [System] [MY-010931] [Server] /usr/sbin/mysqld: ready for connections. Version: '8.0.26'  socket: '/var/run/mysqld/mysqld.sock'  port: 0  MySQL Community Server - GPL.
2021-09-26T10:33:17.883553-00:00 13 [System] [MY-013172] [Server] Received SHUTDOWN from user root. Shutting down mysqld (Version: 8.0.26).
2021-09-26T10:33:19.319283-00:00 0 [System] [MY-010910] [Server] /usr/sbin/mysqld: Shutdown complete (mysqld 8.0.26)  MySQL Community Server - GPL.
2021-09-26T10:33:20.100092-00:00 0 [System] [MY-010116] [Server] /usr/sbin/mysqld (mysqld 8.0.26) starting as process 1
2021-09-26T10:33:20.126707-00:00 1 [System] [MY-013576] [InnoDB] InnoDB initialization has started.
2021-09-26T10:33:20.691273-00:00 1 [System] [MY-013577] [InnoDB] InnoDB initialization has ended.
2021-09-26T10:33:20.943089-00:00 0 [Warning] [MY-013746] [Server] A deprecated TLS version TLSv1 is enabled for channel mysql_main
2021-09-26T10:33:20.943467-00:00 0 [Warning] [MY-013746] [Server] A deprecated TLS version TLSv1.1 is enabled for channel mysql_main
2021-09-26T10:33:20.950276-00:00 0 [Warning] [MY-010068] [Server] CA certificate ca.pem is self signed.
2021-09-26T10:33:20.951063-00:00 0 [System] [MY-013602] [Server] Channel mysql_main configured to support TLS. Encrypted connections are now supported for this channel.
2021-09-26T10:33:20.962036-00:00 0 [Warning] [MY-011810] [Server] Insecure configuration for --pid-file: Location '/var/run/mysqld' in the path is accessible to all OS users. Consider choosing a different directory.
2021-09-26T10:33:21.003456-00:00 0 [System] [MY-011323] [Server] X Plugin ready for connections. Bind-address: '::' port: 33060, socket: /var/run/mysqld/mysqlx.sock
2021-09-26T10:33:21.003576-00:00 0 [System] [MY-010931] [Server] /usr/sbin/mysqld: ready for connections. Version: '8.0.26'  socket: '/var/run/mysqld/mysqld.sock'  port: 3306  MySQL Community Server - GPL.
2021-09-26T10:44:34.145046-00:00 0 [System] [MY-013172] [Server] Received SHUTDOWN from user <via user signal>. Shutting down mysqld (Version: 8.0.26).
2021-09-26T10:44:34.373764-00:00 0 [System] [MY-010910] [Server] /usr/sbin/mysqld: Shutdown complete (mysqld 8.0.26)  MySQL Community Server - GPL.
